\BOOKMARK [1][-]{section.1}{Introduction}{}% 1
\BOOKMARK [1][-]{section.2}{The convection\205diffusion equations}{}% 2
\BOOKMARK [2][-]{subsection.2.1}{Reynolds transport theorem}{section.2}% 3
\BOOKMARK [2][-]{subsection.2.2}{Continuity equation}{section.2}% 4
\BOOKMARK [2][-]{subsection.2.3}{Momentum equation}{section.2}% 5
\BOOKMARK [2][-]{subsection.2.4}{Energy equation}{section.2}% 6
\BOOKMARK [2][-]{subsection.2.5}{Species equation}{section.2}% 7
\BOOKMARK [2][-]{subsection.2.6}{Convection\205diffusion equations}{section.2}% 8
\BOOKMARK [1][-]{section.3}{Numerical study}{}% 9
\BOOKMARK [2][-]{subsection.3.1}{Assumptions}{section.3}% 10
\BOOKMARK [2][-]{subsection.3.2}{Spatial discretization}{section.3}% 11
\BOOKMARK [2][-]{subsection.3.3}{Time discretization}{section.3}% 12
\BOOKMARK [2][-]{subsection.3.4}{Discretization of the continuity equation}{section.3}% 13
\BOOKMARK [2][-]{subsection.3.5}{Discretization of the general convection\205diffusion equation}{section.3}% 14
\BOOKMARK [2][-]{subsection.3.6}{Evaluation of the convective terms}{section.3}% 15
\BOOKMARK [3][-]{subsubsection.3.6.1}{Upwind\205Difference Scheme \(UDS\)}{subsection.3.6}% 16
\BOOKMARK [3][-]{subsubsection.3.6.2}{Central\205Difference Scheme \(CDS\)}{subsection.3.6}% 17
\BOOKMARK [3][-]{subsubsection.3.6.3}{Exponential\205Difference Scheme \(EDS\)}{subsection.3.6}% 18
\BOOKMARK [3][-]{subsubsection.3.6.4}{Second\205order Upwind Linear Extrapolation \(SUDS\)}{subsection.3.6}% 19
\BOOKMARK [3][-]{subsubsection.3.6.5}{Quadratic Upwind Interpolation for Convective Kinematics \(QUICK\)}{subsection.3.6}% 20
\BOOKMARK [3][-]{subsubsection.3.6.6}{Normalization of variables}{subsection.3.6}% 21
\BOOKMARK [3][-]{subsubsection.3.6.7}{Sharp and Monotonic Algorithm for Realistic Transport \(SMART\)}{subsection.3.6}% 22
\BOOKMARK [3][-]{subsubsection.3.6.8}{Summary of schemes}{subsection.3.6}% 23
\BOOKMARK [2][-]{subsection.3.7}{Treatment of boundary conditions}{section.3}% 24
\BOOKMARK [2][-]{subsection.3.8}{Final form of the generalized convection\205diffusion equation}{section.3}% 25
\BOOKMARK [3][-]{subsubsection.3.8.1}{Small molecule schemes}{subsection.3.8}% 26
\BOOKMARK [3][-]{subsubsection.3.8.2}{Large molecule schemes}{subsection.3.8}% 27
\BOOKMARK [2][-]{subsection.3.9}{Algorithms}{section.3}% 28
\BOOKMARK [3][-]{subsubsection.3.9.1}{Algorithm for the evaluation of convective terms}{subsection.3.9}% 29
\BOOKMARK [3][-]{subsubsection.3.9.2}{Solving algorithm}{subsection.3.9}% 30
